<?xml version="1.0" encoding="UTF-8"?>
<!-- Generated by org.testng.reporters.JUnitReportReporter -->
<testsuite hostname="A-PC" name="helpers.TestHelperTest" tests="1" failures="0" timestamp="3 Jun 2014 20:09:31 GMT" time="0.003" errors="0">
  <testcase name="shouldEncodeBase64userNameAndPassword" time="0.003" classname="helpers.TestHelperTest"/>
</testsuite> <!-- helpers.TestHelperTest -->
